2023-07-31 14:56:41,786 | main_logger | MainProcess  |        <module>               | INFO  | Master execution started
2023-07-31 14:56:41,786 | main_logger | MainProcess  |        execute_pipeline_download | INFO  | calling the create_folder_structure function
2023-07-31 14:56:41,786 | main_logger | MainProcess  |        execute_pipeline_download | INFO  | calling the common_files_downloads function
2023-07-31 14:56:42,988 | main_logger | MainProcess  |        execute_pipeline_download | INFO  | calling the orchestrate_calling function
2023-07-31 14:56:42,991 | main_logger | MainProcess  |        task_orc_execution     | INFO  | execution at task level
2023-07-31 14:56:46,111 | main_logger | MainProcess  |        send_mail              | INFO  | mail sent
2023-07-31 14:56:47,612 | main_logger | MainProcess  |        task_orc_execution     | ERROR | error in orchestrate_task_calling 'conn_path'.
Traceback (most recent call last):
  File "/home/nandishms/test/src/scripts/orchestration/orchestrate.py", line 608, in task_orc_execution
    execute_job(prj_nm,paths_data,task_nm,run_id,file_path,iter_value)
  File "/home/nandishms/test/src/scripts/orchestration/orchestrate.py", line 38, in execute_job
    raise error
  File "/home/nandishms/test/src/scripts/orchestration/orchestrate.py", line 35, in execute_job
    download.execute_engine(prj_nm,task_id,paths_data,run_id,file_path,iter_value)
  File "/home/nandishms/test/download.py", line 237, in execute_engine
    raise error
  File "/home/nandishms/test/download.py", line 227, in execute_engine
    download_task_files(prj_nm,task_name, config_path, repo_name,GIT_BRANCH)
  File "/home/nandishms/test/download.py", line 192, in download_task_files
    raise error
  File "/home/nandishms/test/download.py", line 168, in download_task_files
    {source_conn_file_name}{JSON}', save_dir = f'{config_path["folder_path"]}{config_path["conn_path"]}')
KeyError: 'conn_path'
2023-07-31 14:56:47,614 | main_logger | MainProcess  |        get_ind_task_status    | INFO  | Tetst1 task is Start
2023-07-31 14:56:47,614 | main_logger | MainProcess  |        task_orc_execution     | INFO  | Task Tetst1 Execution failed.
2023-07-31 14:56:50,546 | main_logger | MainProcess  |        send_mail              | INFO  | mail sent
